================================================================
◇ 현재 파일명 : /tetris/loginSign/check_id.php
◇ 현재 파일 기능 설명 : 로그 파일 설명
◇ 현재 시간 : [23.03.03 13:42:17]
◇ 현재 사용자 IP : 222.106.75.97

----------------------------------------------------------------
【정보 로그】 

『로그 설명』 : 받아온 값
『로그 변수들』 : 
Array
(
    [id] => hch
)

----------------------------------------------------------------

----------------------------------------------------------------
【정보 로그】 

『로그 설명』 : select문을 통해 가져온 값
『로그 변수들』 : 
Array
(
    [sql] => select * from user A  where A.user_id = :id
    [result] => Array
        (
        )

    [result_count] => 0
)

----------------------------------------------------------------

----------------------------------------------------------------
【정보 로그】 

『로그 설명』 : 응답할 json 데이터
『로그 변수들』 : 
Array
(
    [response_json] => {"isIdDuplicate":1,"msg":"\uc0ac\uc6a9\ud558\uc2e4 \uc218 \uc788\ub294 \uc544\uc774\ub514\uc785\ub2c8\ub2e4."}
)

----------------------------------------------------------------

