================================================================
◇ 현재 파일명 : /tetris/loginSign/check_authNum.php
◇ 현재 파일 기능 설명 : 로그 파일 설명
◇ 현재 시간 : [23.03.03 13:42:14]
◇ 현재 사용자 IP : 222.106.75.97

----------------------------------------------------------------
【정보 로그】 

『로그 설명』 : 받아온 값
『로그 변수들』 : 
Array
(
    [email] => kum15479@naver.com
    [auth_num] => 7537
)

----------------------------------------------------------------

----------------------------------------------------------------
【정보 로그】 

『로그 설명』 : select문을 통해 가져온 값
『로그 변수들』 : 
Array
(
    [sql] => select * from email_auth A  where A.email_auth_email = :email AND A.email_auth_num = :auth_num
    [result] => Array
        (
            [0] => Array
                (
                    [email_auth_seq] => 18
                    [email_auth_email] => kum15479@naver.com
                    [email_auth_num] => 7537
                )

        )

    [result_count] => 1
)

----------------------------------------------------------------

----------------------------------------------------------------
【정보 로그】 

『로그 설명』 : 응답할 json 데이터
『로그 변수들』 : 
Array
(
    [response_json] => {"isAgree":1,"msg":"\uc778\uc99d\uc774 \uc644\ub8cc\ub418\uc5c8\uc2b5\ub2c8\ub2e4."}
)

----------------------------------------------------------------

