================================================================
◇ 현재 파일명 : /tetris/loginSign/send_emailAuth.php
◇ 현재 파일 기능 설명 : 로그 파일 설명
◇ 현재 시간 : [23.03.03 13:41:54]
◇ 현재 사용자 IP : 222.106.75.97

----------------------------------------------------------------
【정보 로그】 

『로그 설명』 : 받아온 값
『로그 변수들』 : 
Array
(
    [email] => kum15479@naver.com
)

----------------------------------------------------------------

----------------------------------------------------------------
【정보 로그】 

『로그 설명』 : select문을 통해 가져온 값
『로그 변수들』 : 
Array
(
    [result] => Array
        (
        )

    [select_count] => 0
)

----------------------------------------------------------------

----------------------------------------------------------------
【정보 로그】 

『로그 설명』 : 데이터 삭제 쿼리 성공. 인증번호가 삭제되었습니다.
『로그 변수들』 : 
Array
(
    [sql] => DELETE FROM email_auth A WHERE A.email_auth_email = :email
    [email] => kum15479@naver.com
)

----------------------------------------------------------------

----------------------------------------------------------------
【정보 로그】 

『로그 설명』 : 데이터 삽입 쿼리 성공. 인증번호가 입력되었습니다.
『로그 변수들』 : 
Array
(
    [sql] => INSERT INTO email_auth (email_auth_email, email_auth_num) VALUES (:email, :auth_num)
    [email] => kum15479@naver.com
    [auth_num] => 7537
)

----------------------------------------------------------------

----------------------------------------------------------------
【정보 로그】 

『로그 설명』 : 응답할 데이터
『로그 변수들』 : 
Array
(
    [response_data] => Array
        (
            [isSend] => 1
            [phrases] => 입력하신 이메일로 인증번호가 전송되었습니다.
        )

)

----------------------------------------------------------------

----------------------------------------------------------------
【정보 로그】 

『로그 설명』 : 응답할 json 데이터
『로그 변수들』 : 
Array
(
    [response_json] => {"isSend":1,"phrases":"\uc785\ub825\ud558\uc2e0 \uc774\uba54\uc77c\ub85c \uc778\uc99d\ubc88\ud638\uac00 \uc804\uc1a1\ub418\uc5c8\uc2b5\ub2c8\ub2e4."}
)

----------------------------------------------------------------

