================================================================
◇ 현재 파일명 : /tetris/loginSign/login.php
◇ 현재 파일 기능 설명 : 로그 파일 설명
◇ 현재 시간 : [23.03.31 13:54:21]
◇ 현재 사용자 IP : 222.106.75.97

----------------------------------------------------------------
【정보 로그】 

『로그 설명』 : 받아온 값
『로그 변수들』 : 
Array
(
    [id] => 황철희
    [password] => 1
)

----------------------------------------------------------------

----------------------------------------------------------------
【정보 로그】 

『로그 설명』 : select문을 통해 가져온 값
『로그 변수들』 : 
Array
(
    [sql] => select * from user A  where A.user_id = :id
    [result] => Array
        (
            [0] => Array
                (
                    [user_seq] => 22
                    [user_id] => 황철희
                    [user_email] => 11
                    [user_password] => 1
                )

        )

    [result_count] => 1
)

----------------------------------------------------------------

----------------------------------------------------------------
【정보 로그】 

『로그 설명』 : select문을 통해 가져온 값
『로그 변수들』 : 
Array
(
    [sql] => select * from user A  where A.user_id = :id AND A.user_password = :password
    [result] => Array
        (
            [0] => Array
                (
                    [user_seq] => 22
                    [user_id] => 황철희
                    [user_email] => 11
                    [user_password] => 1
                )

        )

    [result_count] => 1
)

----------------------------------------------------------------

----------------------------------------------------------------
【정보 로그】 

『로그 설명』 : 응답할 데이터
『로그 변수들』 : 
Array
(
    [response_data] => Array
        (
            [isLogin] => 1
            [msg] => 로그인에 성공하였습니다.
        )

)

----------------------------------------------------------------

