================================================================
◇ 현재 파일명 : /tetris/loginSign/sign.php
◇ 현재 파일 기능 설명 : 로그 파일 설명
◇ 현재 시간 : [23.03.03 13:42:20]
◇ 현재 사용자 IP : 222.106.75.97

----------------------------------------------------------------
【정보 로그】 

『로그 설명』 : 받아온 값
『로그 변수들』 : 
Array
(
    [email] => kum15479@naver.com
    [id] => hch
    [password] => 123
)

----------------------------------------------------------------

----------------------------------------------------------------
【정보 로그】 

『로그 설명』 : 데이터 삽입 쿼리 성공. 인증번호가 입력되었습니다.
『로그 변수들』 : 
Array
(
    [sql] => INSERT INTO user (user_id, user_email, user_password) VALUES (:id, :email, :password)
    [id] => hch
    [email] => kum15479@naver.com
    [password] => 123
)

----------------------------------------------------------------

----------------------------------------------------------------
【정보 로그】 

『로그 설명』 : 응답할 json 데이터
『로그 변수들』 : 
Array
(
    [response_json] => {"isSign":1,"msg":"\ud68c\uc6d0\uac00\uc785 \ub418\uc5c8\uc2b5\ub2c8\ub2e4."}
)

----------------------------------------------------------------

